-------------------------------------------------------------------------------
Test set: CommunityCenterTest
-------------------------------------------------------------------------------
Tests run: 6, Failures: 0, Errors: 6, Skipped: 0, Time elapsed: 0.001 s <<< FAILURE! - in CommunityCenterTest
secondPatientIs2ndInTheNurseListUsingFIFO(CommunityCenterTest)  Time elapsed: 0 s  <<< ERROR!
java.lang.NoClassDefFoundError: CommunityCenter
	at CommunityCenterTest.secondPatientIs2ndInTheNurseListUsingFIFO(CommunityCenterTest.java:30)
Caused by: java.lang.ClassNotFoundException: CommunityCenter
	at CommunityCenterTest.secondPatientIs2ndInTheNurseListUsingFIFO(CommunityCenterTest.java:30)

uniquePatientIs1stInTheNurseList(CommunityCenterTest)  Time elapsed: 0 s  <<< ERROR!
java.lang.NoClassDefFoundError: CommunityCenter
	at CommunityCenterTest.uniquePatientIs1stInTheNurseList(CommunityCenterTest.java:21)

nurseListIsInitiallyEmpty(CommunityCenterTest)  Time elapsed: 0 s  <<< ERROR!
java.lang.NoClassDefFoundError: CommunityCenter
	at CommunityCenterTest.nurseListIsInitiallyEmpty(CommunityCenterTest.java:15)

gravity1PatientNotAddedToTheNurseList(CommunityCenterTest)  Time elapsed: 0 s  <<< ERROR!
java.lang.NoClassDefFoundError: CommunityCenter
	at CommunityCenterTest.gravity1PatientNotAddedToTheNurseList(CommunityCenterTest.java:69)

firstPatientIsNow2ndInTheNurseListUsingGravity(CommunityCenterTest)  Time elapsed: 0 s  <<< ERROR!
java.lang.NoClassDefFoundError: CommunityCenter
	at CommunityCenterTest.firstPatientIsNow2ndInTheNurseListUsingGravity(CommunityCenterTest.java:52)

secondPriorityPatientIs1stInTheNurseListUsingGravity(CommunityCenterTest)  Time elapsed: 0 s  <<< ERROR!
java.lang.NoClassDefFoundError: CommunityCenter
	at CommunityCenterTest.secondPriorityPatientIs1stInTheNurseListUsingGravity(CommunityCenterTest.java:41)

