<?xml version="1.0" encoding="UTF-8"?>
<testsuite xmlns:xsi="http://www.w3.org/2001/XMLSchema-instance" xsi:noNamespaceSchemaLocation="https://maven.apache.org/surefire/maven-surefire-plugin/xsd/surefire-test-report.xsd" name="CommunityCenterTest" time="0.001" tests="6" errors="6" skipped="0" failures="0">
  <properties>
[...]
</properties>
  <testcase name="secondPatientIs2ndInTheNurseListUsingFIFO" classname="CommunityCenterTest" time="0">
    <error message="CommunityCenter" type="java.lang.NoClassDefFoundError">java.lang.NoClassDefFoundError: CommunityCenter
	at CommunityCenterTest.secondPatientIs2ndInTheNurseListUsingFIFO(CommunityCenterTest.java:30)
Caused by: java.lang.ClassNotFoundException: CommunityCenter
	at CommunityCenterTest.secondPatientIs2ndInTheNurseListUsingFIFO(CommunityCenterTest.java:30)
</error>
  </testcase>
  <testcase name="uniquePatientIs1stInTheNurseList" classname="CommunityCenterTest" time="0">
    <error message="CommunityCenter" type="java.lang.NoClassDefFoundError">java.lang.NoClassDefFoundError: CommunityCenter
	at CommunityCenterTest.uniquePatientIs1stInTheNurseList(CommunityCenterTest.java:21)
</error>
  </testcase>
  <testcase name="nurseListIsInitiallyEmpty" classname="CommunityCenterTest" time="0">
    <error message="CommunityCenter" type="java.lang.NoClassDefFoundError">java.lang.NoClassDefFoundError: CommunityCenter
	at CommunityCenterTest.nurseListIsInitiallyEmpty(CommunityCenterTest.java:15)
</error>
  </testcase>
  <testcase name="gravity1PatientNotAddedToTheNurseList" classname="CommunityCenterTest" time="0">
    <error message="CommunityCenter" type="java.lang.NoClassDefFoundError">java.lang.NoClassDefFoundError: CommunityCenter
	at CommunityCenterTest.gravity1PatientNotAddedToTheNurseList(CommunityCenterTest.java:69)
</error>
  </testcase>
  <testcase name="firstPatientIsNow2ndInTheNurseListUsingGravity" classname="CommunityCenterTest" time="0">
    <error message="CommunityCenter" type="java.lang.NoClassDefFoundError">java.lang.NoClassDefFoundError: CommunityCenter
	at CommunityCenterTest.firstPatientIsNow2ndInTheNurseListUsingGravity(CommunityCenterTest.java:52)
</error>
  </testcase>
  <testcase name="secondPriorityPatientIs1stInTheNurseListUsingGravity" classname="CommunityCenterTest" time="0">
    <error message="CommunityCenter" type="java.lang.NoClassDefFoundError">java.lang.NoClassDefFoundError: CommunityCenter
	at CommunityCenterTest.secondPriorityPatientIs1stInTheNurseListUsingGravity(CommunityCenterTest.java:41)
</error>
  </testcase>
</testsuite>